<?xml version="1.0" encoding="UTF-8"?>
<testsuite name="MenuModelTest" tests="1" skipped="0" failures="0" errors="0" timestamp="2022-01-28T16:18:14" hostname="LAPTOP-GK5K2GLK" time="1.99">
  <properties/>
  <testcase name="playerColorChangeTest()" classname="MenuModelTest" time="1.99"/>
  <system-out><![CDATA[]]></system-out>
  <system-err><![CDATA[]]></system-err>
</testsuite>
