<?xml version="1.0" encoding="UTF-8"?>
<testsuite name="BombTest" tests="3" skipped="0" failures="0" errors="0" timestamp="2022-01-28T16:18:13" hostname="LAPTOP-GK5K2GLK" time="0.215">
  <properties/>
  <testcase name="ExplosionPlayerTest()" classname="BombTest" time="0.054"/>
  <testcase name="ExplosionBlockTest()" classname="BombTest" time="0.152"/>
  <testcase name="ExplosionRadiusTest()" classname="BombTest" time="0.005"/>
  <system-out><![CDATA[]]></system-out>
  <system-err><![CDATA[]]></system-err>
</testsuite>
