<?xml version="1.0" encoding="UTF-8"?>
<testsuite name="BoardTest" tests="3" skipped="0" failures="0" errors="0" timestamp="2022-01-28T16:18:12" hostname="LAPTOP-GK5K2GLK" time="0.592">
  <properties/>
  <testcase name="BoardCreationTest()" classname="BoardTest" time="0.574"/>
  <testcase name="BlockDestroyTest()" classname="BoardTest" time="0.013"/>
  <testcase name="MovementCollisionTest()" classname="BoardTest" time="0.003"/>
  <system-out><![CDATA[]]></system-out>
  <system-err><![CDATA[]]></system-err>
</testsuite>
